0 info it worked if it ends with ok
1 verbose cli [ '/usr/bin/nodejs',
1 verbose cli   '/usr/bin/npm',
1 verbose cli   'start',
1 verbose cli   'firstSetup=true',
1 verbose cli   'port=9000' ]
2 info using npm@3.5.2
3 info using node@v4.2.6
4 verbose run-script [ 'prestart', 'start', 'poststart' ]
5 info lifecycle openwindow@1.0.0~prestart: openwindow@1.0.0
6 silly lifecycle openwindow@1.0.0~prestart: no script for prestart, continuing
7 info lifecycle openwindow@1.0.0~start: openwindow@1.0.0
8 verbose lifecycle openwindow@1.0.0~start: unsafe-perm in lifecycle true
9 verbose lifecycle openwindow@1.0.0~start: PATH: /usr/share/npm/bin/node-gyp-bin:/home/jacob/github/openwindow/webapp/node_modules/.bin:/home/jacob/bin:/home/jacob/.local/bin:/usr/local/sbin:/usr/local/bin:/usr/sbin:/usr/bin:/sbin:/bin:/usr/games:/usr/local/games:/snap/bin:/usr/local/java/jdk1.8.0_102/bin:/usr/local/java/jdk1.8.0_102/jre/bin
10 verbose lifecycle openwindow@1.0.0~start: CWD: /home/jacob/github/openwindow/webapp
11 silly lifecycle openwindow@1.0.0~start: Args: [ '-c',
11 silly lifecycle   'node --use-strict webapp.js "firstSetup=true" "port=9000"' ]
12 silly lifecycle openwindow@1.0.0~start: Returned: code: 1  signal: null
13 info lifecycle openwindow@1.0.0~start: Failed to exec start script
14 verbose stack Error: openwindow@1.0.0 start: `node --use-strict webapp.js "firstSetup=true" "port=9000"`
14 verbose stack Exit status 1
14 verbose stack     at EventEmitter.<anonymous> (/usr/share/npm/lib/utils/lifecycle.js:232:16)
14 verbose stack     at emitTwo (events.js:87:13)
14 verbose stack     at EventEmitter.emit (events.js:172:7)
14 verbose stack     at ChildProcess.<anonymous> (/usr/share/npm/lib/utils/spawn.js:24:14)
14 verbose stack     at emitTwo (events.js:87:13)
14 verbose stack     at ChildProcess.emit (events.js:172:7)
14 verbose stack     at maybeClose (internal/child_process.js:821:16)
14 verbose stack     at Process.ChildProcess._handle.onexit (internal/child_process.js:211:5)
15 verbose pkgid openwindow@1.0.0
16 verbose cwd /home/jacob/github/openwindow/webapp
17 error Linux 4.4.0-75-generic
18 error argv "/usr/bin/nodejs" "/usr/bin/npm" "start" "firstSetup=true" "port=9000"
19 error node v4.2.6
20 error npm  v3.5.2
21 error code ELIFECYCLE
22 error openwindow@1.0.0 start: `node --use-strict webapp.js "firstSetup=true" "port=9000"`
22 error Exit status 1
23 error Failed at the openwindow@1.0.0 start script 'node --use-strict webapp.js "firstSetup=true" "port=9000"'.
23 error Make sure you have the latest version of node.js and npm installed.
23 error If you do, this is most likely a problem with the openwindow package,
23 error not with npm itself.
23 error Tell the author that this fails on your system:
23 error     node --use-strict webapp.js "firstSetup=true" "port=9000"
23 error You can get information on how to open an issue for this project with:
23 error     npm bugs openwindow
23 error Or if that isn't available, you can get their info via:
23 error     npm owner ls openwindow
23 error There is likely additional logging output above.
24 verbose exit [ 1, true ]
